<?xml version="1.0" encoding="UTF-8"?>
<testsuite name="com.example.geometricobjects.CircleTest" tests="1" skipped="0" failures="0" errors="0" timestamp="2023-12-16T15:27:55" hostname="MBP-von-Mzcola.mshome.net" time="0.022">
  <properties/>
  <testcase name="testArea()" classname="com.example.geometricobjects.CircleTest" time="0.022"/>
  <system-out><![CDATA[]]></system-out>
  <system-err><![CDATA[]]></system-err>
</testsuite>
